<?xml version="1.0" encoding="UTF-8"?>
<!-- Generated by org.testng.reporters.JUnitReportReporter -->
<testsuite hostname="Shubhams-MacBook-Air.local" failures="0" tests="2" name="runner.RunCuke" time="0.042" errors="0" timestamp="2025-05-05T21:14:36 IST" skipped="0">
  <testcase classname="runner.RunCuke" name="runScenario" time="0.002"/>
  <testcase classname="runner.RunCuke" name="runScenario" time="0.040"/>
</testsuite> <!-- runner.RunCuke -->
